<?xml version="1.0" encoding="UTF-8"?>
<!-- Generated by org.testng.reporters.JUnitReportReporter -->
<testsuite hostname="DESKTOP-IOKLO1V" failures="0" tests="3" name="TestAnnotationPractice.TC3" time="0.011" errors="0" timestamp="2022-05-04T14:50:59 IST" skipped="0">
  <testcase classname="TestAnnotationPractice.TC3" name="m3" time="0.002"/>
  <system-out/>
  <testcase classname="TestAnnotationPractice.TC3" name="m1" time="0.007"/>
  <system-out/>
  <testcase classname="TestAnnotationPractice.TC3" name="m2" time="0.002"/>
  <system-out/>
</testsuite> <!-- TestAnnotationPractice.TC3 -->
