<?xml version="1.0" encoding="UTF-8"?>
<!-- Generated by org.testng.reporters.JUnitReportReporter -->
<testsuite hostname="DESKTOP-IOKLO1V" failures="0" tests="1" name="Pom_pagefactory.RegistrationTest" time="3.778" errors="0" timestamp="2022-05-13T14:59:22 IST" skipped="0">
  <testcase classname="Pom_pagefactory.RegistrationTest" name="FacebookRegistrationPageTest" time="3.778"/>
  <system-out/>
</testsuite> <!-- Pom_pagefactory.RegistrationTest -->
