<?xml version="1.0" encoding="UTF-8"?>
<!-- Generated by org.testng.reporters.JUnitReportReporter -->
<testsuite hostname="DESKTOP-IOKLO1V" failures="0" tests="2" name="GroupingPractice.TestCase3" time="0.006" errors="0" timestamp="2023-07-09T11:45:23 IST" skipped="0">
  <testcase classname="GroupingPractice.TestCase3" name="Test8" time="0.003"/>
  <system-out/>
  <testcase classname="GroupingPractice.TestCase3" name="Test9" time="0.003"/>
  <system-out/>
</testsuite> <!-- GroupingPractice.TestCase3 -->
