<?xml version="1.0" encoding="UTF-8"?>
<!-- Generated by org.testng.reporters.JUnitReportReporter -->
<testsuite hostname="DESKTOP-IOKLO1V" failures="0" tests="3" name="TestAnnotationPractice.TC1" time="0.019" errors="0" timestamp="2022-05-04T14:34:25 IST" skipped="0">
  <testcase classname="TestAnnotationPractice.TC1" name="m2" time="0.002"/>
  <system-out/>
  <testcase classname="TestAnnotationPractice.TC1" name="m1" time="0.007"/>
  <system-out/>
  <testcase classname="TestAnnotationPractice.TC1" name="m3" time="0.010"/>
  <system-out/>
</testsuite> <!-- TestAnnotationPractice.TC1 -->
