<?xml version="1.0" encoding="UTF-8"?>
<!-- Generated by org.testng.reporters.JUnitReportReporter -->
<testsuite hostname="DESKTOP-IOKLO1V" failures="0" tests="2" name="GroupingPractice.TestCase1" time="0.012" errors="0" timestamp="2023-07-09T11:45:23 IST" skipped="0">
  <testcase classname="GroupingPractice.TestCase1" name="Test2" time="0.009"/>
  <system-out/>
  <testcase classname="GroupingPractice.TestCase1" name="Test3" time="0.003"/>
  <system-out/>
</testsuite> <!-- GroupingPractice.TestCase1 -->
