<?xml version="1.0" encoding="UTF-8"?>
<!-- Generated by org.testng.reporters.JUnitReportReporter -->
<testsuite hostname="DESKTOP-IOKLO1V" failures="0" tests="3" name="TestNG.TestNGBasics" time="0.019" errors="0" timestamp="2022-05-05T23:09:58 IST" skipped="0">
  <testcase classname="TestNG.TestNGBasics" name="openurl" time="0.014"/>
  <system-out>
    <![CDATA[Url is opened]]>
  </system-out>
  <testcase classname="TestNG.TestNGBasics" name="login" time="0.003"/>
  <system-out>
    <![CDATA[login is successful]]>
  </system-out>
  <testcase classname="TestNG.TestNGBasics" name="logout" time="0.002"/>
  <system-out>
    <![CDATA[logout is successful]]>
  </system-out>
</testsuite> <!-- TestNG.TestNGBasics -->
