<?xml version="1.0" encoding="UTF-8"?>
<!-- Generated by org.testng.reporters.JUnitReportReporter -->
<testsuite hostname="DESKTOP-IOKLO1V" failures="0" tests="3" name="TestAnnotationPractice.TC2" time="0.007" errors="0" timestamp="2022-05-04T14:34:25 IST" skipped="0">
  <testcase classname="TestAnnotationPractice.TC2" name="m5" time="0.002"/>
  <system-out/>
  <testcase classname="TestAnnotationPractice.TC2" name="m4" time="0.004"/>
  <system-out/>
  <testcase classname="TestAnnotationPractice.TC2" name="m6" time="0.001"/>
  <system-out/>
</testsuite> <!-- TestAnnotationPractice.TC2 -->
