<?xml version="1.0" encoding="UTF-8"?>
<!-- Generated by org.testng.reporters.JUnitReportReporter -->
<testsuite hostname="DESKTOP-IOKLO1V" failures="0" tests="6" name="KeywordPractice.Timeouts" time="4.055" errors="0" timestamp="2022-05-06T00:46:24 IST" skipped="0">
  <testcase classname="KeywordPractice.Timeouts" name="HomepageTest" time="4.028"/>
  <system-out/>
  <testcase classname="KeywordPractice.Timeouts" name="ProfilepageTest" time="0.006"/>
  <system-out/>
  <testcase classname="KeywordPractice.Timeouts" name="ProfilepageTest" time="0.004"/>
  <system-out/>
  <testcase classname="KeywordPractice.Timeouts" name="ProfilepageTest" time="0.003"/>
  <system-out/>
  <testcase classname="KeywordPractice.Timeouts" name="ProfilepageTest" time="0.011"/>
  <system-out/>
  <testcase classname="KeywordPractice.Timeouts" name="ProfilepageTest" time="0.003"/>
  <system-out/>
</testsuite> <!-- KeywordPractice.Timeouts -->
