<?xml version="1.0" encoding="UTF-8"?>
<!-- Generated by org.testng.reporters.JUnitReportReporter -->
<testsuite hostname="DESKTOP-IOKLO1V" failures="0" tests="2" name="GroupingPractice.TestCase2" time="0.006" errors="0" timestamp="2023-07-09T11:45:23 IST" skipped="0">
  <testcase classname="GroupingPractice.TestCase2" name="Test6" time="0.004"/>
  <system-out/>
  <testcase classname="GroupingPractice.TestCase2" name="Test5" time="0.002"/>
  <system-out/>
</testsuite> <!-- GroupingPractice.TestCase2 -->
