<?xml version="1.0" encoding="UTF-8"?>
<!-- Generated by org.testng.reporters.JUnitReportReporter -->
<testsuite hostname="DESKTOP-IOKLO1V" failures="0" tests="2" name="KeywordPractice.EnabledFalse" time="0.007" errors="0" timestamp="2022-05-06T00:38:44 IST" skipped="1">
  <testcase classname="KeywordPractice.EnabledFalse" name="Homepage" time="0.007"/>
  <system-out/>
  <testcase classname="KeywordPractice.EnabledFalse" name="Profilepage">
    <skipped/>
  </testcase> <!-- Profilepage -->
  <system-out/>
</testsuite> <!-- KeywordPractice.EnabledFalse -->
