<?xml version="1.0" encoding="UTF-8"?>
<!-- Generated by org.testng.reporters.JUnitReportReporter -->
<testsuite hostname="DESKTOP-IOKLO1V" failures="0" tests="3" name="TestNG.MethodAnnotation" time="0.040" errors="0" timestamp="2022-05-02T12:12:07 IST" skipped="0">
  <testcase classname="TestNG.MethodAnnotation" name="HomeElement" time="0.014"/>
  <system-out/>
  <testcase classname="TestNG.MethodAnnotation" name="ProfileCheck" time="0.013"/>
  <system-out/>
  <testcase classname="TestNG.MethodAnnotation" name="NotificationCheck" time="0.013"/>
  <system-out/>
</testsuite> <!-- TestNG.MethodAnnotation -->
