<?xml version="1.0" encoding="UTF-8"?>
<!-- Generated by org.testng.reporters.JUnitReportReporter -->
<testsuite hostname="DESKTOP-IOKLO1V" failures="0" tests="5" name="KeywordPractice.InvocationCountwithThreadpoolsize" time="68.938" errors="0" timestamp="2022-05-06T12:47:14 IST" skipped="0">
  <testcase classname="KeywordPractice.InvocationCountwithThreadpoolsize" name="openBrowser" time="12.779"/>
  <system-out/>
  <testcase classname="KeywordPractice.InvocationCountwithThreadpoolsize" name="openBrowser" time="16.993"/>
  <system-out/>
  <testcase classname="KeywordPractice.InvocationCountwithThreadpoolsize" name="openBrowser" time="13.151"/>
  <system-out/>
  <testcase classname="KeywordPractice.InvocationCountwithThreadpoolsize" name="openBrowser" time="13.029"/>
  <system-out/>
  <testcase classname="KeywordPractice.InvocationCountwithThreadpoolsize" name="openBrowser" time="12.986"/>
  <system-out/>
</testsuite> <!-- KeywordPractice.InvocationCountwithThreadpoolsize -->
