<?xml version="1.0" encoding="UTF-8"?>
<!-- Generated by org.testng.reporters.JUnitReportReporter -->
<testsuite hostname="DESKTOP-IOKLO1V" failures="0" tests="6" name="KeywordPractice.InvocationCount" time="0.035" errors="0" timestamp="2022-05-06T00:34:42 IST" skipped="0">
  <testcase classname="KeywordPractice.InvocationCount" name="Homepage" time="0.010"/>
  <system-out/>
  <testcase classname="KeywordPractice.InvocationCount" name="Profilepage" time="0.003"/>
  <system-out/>
  <testcase classname="KeywordPractice.InvocationCount" name="Profilepage" time="0.005"/>
  <system-out/>
  <testcase classname="KeywordPractice.InvocationCount" name="Profilepage" time="0.009"/>
  <system-out/>
  <testcase classname="KeywordPractice.InvocationCount" name="Profilepage" time="0.004"/>
  <system-out/>
  <testcase classname="KeywordPractice.InvocationCount" name="Profilepage" time="0.004"/>
  <system-out/>
</testsuite> <!-- KeywordPractice.InvocationCount -->
