<?xml version="1.0" encoding="UTF-8"?>
<!-- Generated by org.testng.reporters.JUnitReportReporter -->
<testsuite hostname="DESKTOP-IOKLO1V" failures="0" tests="1" name="Pom_pagefactory.LoginTest" time="1.002" errors="0" timestamp="2022-05-13T14:18:48 IST" skipped="0">
  <testcase classname="Pom_pagefactory.LoginTest" name="FacebookLoginPageTest" time="1.002"/>
  <system-out>
    <![CDATA[verifyFacebookLoginPageLogo
verifyFacebookLoginPageTagline
verifyFacebookLoginPageForgotPasswordLink
verifyFacebookLoginPageCreatePageLink
verifyFacebookLoginPageFooterLinksSize
setFacebookLoginPageUsername
setFacebookLoginPagePassword
clickFacebookLoginPageLoginBtn
clickFacebookLoginPageCreateNewAccBtn]]>
  </system-out>
</testsuite> <!-- Pom_pagefactory.LoginTest -->
